ERROR - 2023-06-12 13:32:51 --> Error connecting to the database: mysqli_sql_exception: Connection refused in /Users/muhamadadam/Kuliah/flutter/api/tokoapi/system/Database/MySQLi/Connection.php:173
Stack trace:
#0 /Users/muhamadadam/Kuliah/flutter/api/tokoapi/system/Database/MySQLi/Connection.php(173): mysqli->real_connect('0.0.0.0', 'root', Object(SensitiveParameterValue), 'tokoapi', 3306, '', 0)
#1 /Users/muhamadadam/Kuliah/flutter/api/tokoapi/system/Database/BaseConnection.php(391): CodeIgniter\Database\MySQLi\Connection->connect(false)
#2 /Users/muhamadadam/Kuliah/flutter/api/tokoapi/system/Database/BaseConnection.php(573): CodeIgniter\Database\BaseConnection->initialize()
#3 /Users/muhamadadam/Kuliah/flutter/api/tokoapi/system/Database/BaseBuilder.php(2309): CodeIgniter\Database\BaseConnection->query('INSERT INTO `me...', Array, false)
#4 /Users/muhamadadam/Kuliah/flutter/api/tokoapi/system/Model.php(330): CodeIgniter\Database\BaseBuilder->insert()
#5 /Users/muhamadadam/Kuliah/flutter/api/tokoapi/system/BaseModel.php(782): CodeIgniter\Model->doInsert(Array)
#6 /Users/muhamadadam/Kuliah/flutter/api/tokoapi/system/Model.php(730): CodeIgniter\BaseModel->insert(Array, false)
#7 /Users/muhamadadam/Kuliah/flutter/api/tokoapi/system/BaseModel.php(692): CodeIgniter\Model->insert(Array, false)
#8 /Users/muhamadadam/Kuliah/flutter/api/tokoapi/app/Controllers/Registrasi.php(23): CodeIgniter\BaseModel->save(Array)
#9 /Users/muhamadadam/Kuliah/flutter/api/tokoapi/system/CodeIgniter.php(934): App\Controllers\Registrasi->index()
#10 /Users/muhamadadam/Kuliah/flutter/api/tokoapi/system/CodeIgniter.php(499): CodeIgniter\CodeIgniter->runController(Object(App\Controllers\Registrasi))
#11 /Users/muhamadadam/Kuliah/flutter/api/tokoapi/system/CodeIgniter.php(368): CodeIgniter\CodeIgniter->handleRequest(NULL, Object(Config\Cache), false)
#12 /Users/muhamadadam/Kuliah/flutter/api/tokoapi/public/index.php(67): CodeIgniter\CodeIgniter->run()
#13 /Users/muhamadadam/Kuliah/flutter/api/tokoapi/system/Commands/Server/rewrite.php(47): require_once('/Users/muhamada...')
#14 {main}

Next CodeIgniter\Database\Exceptions\DatabaseException: Connection refused in /Users/muhamadadam/Kuliah/flutter/api/tokoapi/system/Database/MySQLi/Connection.php:218
Stack trace:
#0 /Users/muhamadadam/Kuliah/flutter/api/tokoapi/system/Database/BaseConnection.php(391): CodeIgniter\Database\MySQLi\Connection->connect(false)
#1 /Users/muhamadadam/Kuliah/flutter/api/tokoapi/system/Database/BaseConnection.php(573): CodeIgniter\Database\BaseConnection->initialize()
#2 /Users/muhamadadam/Kuliah/flutter/api/tokoapi/system/Database/BaseBuilder.php(2309): CodeIgniter\Database\BaseConnection->query('INSERT INTO `me...', Array, false)
#3 /Users/muhamadadam/Kuliah/flutter/api/tokoapi/system/Model.php(330): CodeIgniter\Database\BaseBuilder->insert()
#4 /Users/muhamadadam/Kuliah/flutter/api/tokoapi/system/BaseModel.php(782): CodeIgniter\Model->doInsert(Array)
#5 /Users/muhamadadam/Kuliah/flutter/api/tokoapi/system/Model.php(730): CodeIgniter\BaseModel->insert(Array, false)
#6 /Users/muhamadadam/Kuliah/flutter/api/tokoapi/system/BaseModel.php(692): CodeIgniter\Model->insert(Array, false)
#7 /Users/muhamadadam/Kuliah/flutter/api/tokoapi/app/Controllers/Registrasi.php(23): CodeIgniter\BaseModel->save(Array)
#8 /Users/muhamadadam/Kuliah/flutter/api/tokoapi/system/CodeIgniter.php(934): App\Controllers\Registrasi->index()
#9 /Users/muhamadadam/Kuliah/flutter/api/tokoapi/system/CodeIgniter.php(499): CodeIgniter\CodeIgniter->runController(Object(App\Controllers\Registrasi))
#10 /Users/muhamadadam/Kuliah/flutter/api/tokoapi/system/CodeIgniter.php(368): CodeIgniter\CodeIgniter->handleRequest(NULL, Object(Config\Cache), false)
#11 /Users/muhamadadam/Kuliah/flutter/api/tokoapi/public/index.php(67): CodeIgniter\CodeIgniter->run()
#12 /Users/muhamadadam/Kuliah/flutter/api/tokoapi/system/Commands/Server/rewrite.php(47): require_once('/Users/muhamada...')
#13 {main}
CRITICAL - 2023-06-12 13:32:51 --> Unable to connect to the database.
Main connection [MySQLi]: Connection refused
in SYSTEMPATH/Database/BaseConnection.php on line 427.
 1 SYSTEMPATH/Database/BaseConnection.php(573): CodeIgniter\Database\BaseConnection->initialize()
 2 SYSTEMPATH/Database/BaseBuilder.php(2309): CodeIgniter\Database\BaseConnection->query('INSERT INTO `member` (`nama`, `email`, `password`) VALUES (:nama:, :email:, :password:)', [...], false)
 3 SYSTEMPATH/Model.php(330): CodeIgniter\Database\BaseBuilder->insert()
 4 SYSTEMPATH/BaseModel.php(782): CodeIgniter\Model->doInsert([...])
 5 SYSTEMPATH/Model.php(730): CodeIgniter\BaseModel->insert([...], false)
 6 SYSTEMPATH/BaseModel.php(692): CodeIgniter\Model->insert([...], false)
 7 APPPATH/Controllers/Registrasi.php(23): CodeIgniter\BaseModel->save([...])
 8 SYSTEMPATH/CodeIgniter.php(934): App\Controllers\Registrasi->index()
 9 SYSTEMPATH/CodeIgniter.php(499): CodeIgniter\CodeIgniter->runController(Object(App\Controllers\Registrasi))
10 SYSTEMPATH/CodeIgniter.php(368): CodeIgniter\CodeIgniter->handleRequest(null, Object(Config\Cache), false)
11 FCPATH/index.php(67): CodeIgniter\CodeIgniter->run()
12 SYSTEMPATH/Commands/Server/rewrite.php(47): require_once('/Users/muhamadadam/Kuliah/flutter/api/tokoapi/public/index.php')
ERROR - 2023-06-12 14:35:39 --> mysqli_sql_exception: Column 'kodeproduk' cannot be null in /Users/muhamadadam/Kuliah/flutter/api/tokoapi/system/Database/MySQLi/Connection.php:295
Stack trace:
#0 /Users/muhamadadam/Kuliah/flutter/api/tokoapi/system/Database/MySQLi/Connection.php(295): mysqli->query('INSERT INTO `pr...', 0)
#1 /Users/muhamadadam/Kuliah/flutter/api/tokoapi/system/Database/BaseConnection.php(691): CodeIgniter\Database\MySQLi\Connection->execute('INSERT INTO `pr...')
#2 /Users/muhamadadam/Kuliah/flutter/api/tokoapi/system/Database/BaseConnection.php(605): CodeIgniter\Database\BaseConnection->simpleQuery('INSERT INTO `pr...')
#3 /Users/muhamadadam/Kuliah/flutter/api/tokoapi/system/Database/BaseBuilder.php(2309): CodeIgniter\Database\BaseConnection->query('INSERT INTO `pr...', Array, false)
#4 /Users/muhamadadam/Kuliah/flutter/api/tokoapi/system/Model.php(330): CodeIgniter\Database\BaseBuilder->insert()
#5 /Users/muhamadadam/Kuliah/flutter/api/tokoapi/system/BaseModel.php(782): CodeIgniter\Model->doInsert(Array)
#6 /Users/muhamadadam/Kuliah/flutter/api/tokoapi/system/Model.php(730): CodeIgniter\BaseModel->insert(Array, true)
#7 /Users/muhamadadam/Kuliah/flutter/api/tokoapi/app/Controllers/Produk.php(19): CodeIgniter\Model->insert(Array)
#8 /Users/muhamadadam/Kuliah/flutter/api/tokoapi/system/CodeIgniter.php(934): App\Controllers\Produk->create()
#9 /Users/muhamadadam/Kuliah/flutter/api/tokoapi/system/CodeIgniter.php(499): CodeIgniter\CodeIgniter->runController(Object(App\Controllers\Produk))
#10 /Users/muhamadadam/Kuliah/flutter/api/tokoapi/system/CodeIgniter.php(368): CodeIgniter\CodeIgniter->handleRequest(NULL, Object(Config\Cache), false)
#11 /Users/muhamadadam/Kuliah/flutter/api/tokoapi/public/index.php(67): CodeIgniter\CodeIgniter->run()
#12 /Users/muhamadadam/Kuliah/flutter/api/tokoapi/system/Commands/Server/rewrite.php(47): require_once('/Users/muhamada...')
#13 {main}
CRITICAL - 2023-06-12 14:35:39 --> Column 'kodeproduk' cannot be null
in SYSTEMPATH/Database/MySQLi/Connection.php on line 295.
 1 SYSTEMPATH/Database/MySQLi/Connection.php(295): mysqli->query('INSERT INTO `produk` (`kodeproduk`, `namaproduk`, `hargaproduk`) VALUES (NULL, NULL, NULL)', 0)
 2 SYSTEMPATH/Database/BaseConnection.php(691): CodeIgniter\Database\MySQLi\Connection->execute('INSERT INTO `produk` (`kodeproduk`, `namaproduk`, `hargaproduk`) VALUES (NULL, NULL, NULL)')
 3 SYSTEMPATH/Database/BaseConnection.php(605): CodeIgniter\Database\BaseConnection->simpleQuery('INSERT INTO `produk` (`kodeproduk`, `namaproduk`, `hargaproduk`) VALUES (NULL, NULL, NULL)')
 4 SYSTEMPATH/Database/BaseBuilder.php(2309): CodeIgniter\Database\BaseConnection->query('INSERT INTO `produk` (`kodeproduk`, `namaproduk`, `hargaproduk`) VALUES (:kodeproduk:, :namaproduk:, :hargaproduk:)', [...], false)
 5 SYSTEMPATH/Model.php(330): CodeIgniter\Database\BaseBuilder->insert()
 6 SYSTEMPATH/BaseModel.php(782): CodeIgniter\Model->doInsert([...])
 7 SYSTEMPATH/Model.php(730): CodeIgniter\BaseModel->insert([...], true)
 8 APPPATH/Controllers/Produk.php(19): CodeIgniter\Model->insert([...])
 9 SYSTEMPATH/CodeIgniter.php(934): App\Controllers\Produk->create()
10 SYSTEMPATH/CodeIgniter.php(499): CodeIgniter\CodeIgniter->runController(Object(App\Controllers\Produk))
11 SYSTEMPATH/CodeIgniter.php(368): CodeIgniter\CodeIgniter->handleRequest(null, Object(Config\Cache), false)
12 FCPATH/index.php(67): CodeIgniter\CodeIgniter->run()
13 SYSTEMPATH/Commands/Server/rewrite.php(47): require_once('/Users/muhamadadam/Kuliah/flutter/api/tokoapi/public/index.php')
ERROR - 2023-06-12 14:36:11 --> mysqli_sql_exception: Column 'kodeproduk' cannot be null in /Users/muhamadadam/Kuliah/flutter/api/tokoapi/system/Database/MySQLi/Connection.php:295
Stack trace:
#0 /Users/muhamadadam/Kuliah/flutter/api/tokoapi/system/Database/MySQLi/Connection.php(295): mysqli->query('INSERT INTO `pr...', 0)
#1 /Users/muhamadadam/Kuliah/flutter/api/tokoapi/system/Database/BaseConnection.php(691): CodeIgniter\Database\MySQLi\Connection->execute('INSERT INTO `pr...')
#2 /Users/muhamadadam/Kuliah/flutter/api/tokoapi/system/Database/BaseConnection.php(605): CodeIgniter\Database\BaseConnection->simpleQuery('INSERT INTO `pr...')
#3 /Users/muhamadadam/Kuliah/flutter/api/tokoapi/system/Database/BaseBuilder.php(2309): CodeIgniter\Database\BaseConnection->query('INSERT INTO `pr...', Array, false)
#4 /Users/muhamadadam/Kuliah/flutter/api/tokoapi/system/Model.php(330): CodeIgniter\Database\BaseBuilder->insert()
#5 /Users/muhamadadam/Kuliah/flutter/api/tokoapi/system/BaseModel.php(782): CodeIgniter\Model->doInsert(Array)
#6 /Users/muhamadadam/Kuliah/flutter/api/tokoapi/system/Model.php(730): CodeIgniter\BaseModel->insert(Array, true)
#7 /Users/muhamadadam/Kuliah/flutter/api/tokoapi/app/Controllers/Produk.php(19): CodeIgniter\Model->insert(Array)
#8 /Users/muhamadadam/Kuliah/flutter/api/tokoapi/system/CodeIgniter.php(934): App\Controllers\Produk->create()
#9 /Users/muhamadadam/Kuliah/flutter/api/tokoapi/system/CodeIgniter.php(499): CodeIgniter\CodeIgniter->runController(Object(App\Controllers\Produk))
#10 /Users/muhamadadam/Kuliah/flutter/api/tokoapi/system/CodeIgniter.php(368): CodeIgniter\CodeIgniter->handleRequest(NULL, Object(Config\Cache), false)
#11 /Users/muhamadadam/Kuliah/flutter/api/tokoapi/public/index.php(67): CodeIgniter\CodeIgniter->run()
#12 /Users/muhamadadam/Kuliah/flutter/api/tokoapi/system/Commands/Server/rewrite.php(47): require_once('/Users/muhamada...')
#13 {main}
CRITICAL - 2023-06-12 14:36:11 --> Column 'kodeproduk' cannot be null
in SYSTEMPATH/Database/MySQLi/Connection.php on line 295.
 1 SYSTEMPATH/Database/MySQLi/Connection.php(295): mysqli->query('INSERT INTO `produk` (`kodeproduk`, `namaproduk`, `hargaproduk`) VALUES (NULL, NULL, NULL)', 0)
 2 SYSTEMPATH/Database/BaseConnection.php(691): CodeIgniter\Database\MySQLi\Connection->execute('INSERT INTO `produk` (`kodeproduk`, `namaproduk`, `hargaproduk`) VALUES (NULL, NULL, NULL)')
 3 SYSTEMPATH/Database/BaseConnection.php(605): CodeIgniter\Database\BaseConnection->simpleQuery('INSERT INTO `produk` (`kodeproduk`, `namaproduk`, `hargaproduk`) VALUES (NULL, NULL, NULL)')
 4 SYSTEMPATH/Database/BaseBuilder.php(2309): CodeIgniter\Database\BaseConnection->query('INSERT INTO `produk` (`kodeproduk`, `namaproduk`, `hargaproduk`) VALUES (:kodeproduk:, :namaproduk:, :hargaproduk:)', [...], false)
 5 SYSTEMPATH/Model.php(330): CodeIgniter\Database\BaseBuilder->insert()
 6 SYSTEMPATH/BaseModel.php(782): CodeIgniter\Model->doInsert([...])
 7 SYSTEMPATH/Model.php(730): CodeIgniter\BaseModel->insert([...], true)
 8 APPPATH/Controllers/Produk.php(19): CodeIgniter\Model->insert([...])
 9 SYSTEMPATH/CodeIgniter.php(934): App\Controllers\Produk->create()
10 SYSTEMPATH/CodeIgniter.php(499): CodeIgniter\CodeIgniter->runController(Object(App\Controllers\Produk))
11 SYSTEMPATH/CodeIgniter.php(368): CodeIgniter\CodeIgniter->handleRequest(null, Object(Config\Cache), false)
12 FCPATH/index.php(67): CodeIgniter\CodeIgniter->run()
13 SYSTEMPATH/Commands/Server/rewrite.php(47): require_once('/Users/muhamadadam/Kuliah/flutter/api/tokoapi/public/index.php')
ERROR - 2023-06-12 14:36:53 --> mysqli_sql_exception: Column 'kodeproduk' cannot be null in /Users/muhamadadam/Kuliah/flutter/api/tokoapi/system/Database/MySQLi/Connection.php:295
Stack trace:
#0 /Users/muhamadadam/Kuliah/flutter/api/tokoapi/system/Database/MySQLi/Connection.php(295): mysqli->query('INSERT INTO `pr...', 0)
#1 /Users/muhamadadam/Kuliah/flutter/api/tokoapi/system/Database/BaseConnection.php(691): CodeIgniter\Database\MySQLi\Connection->execute('INSERT INTO `pr...')
#2 /Users/muhamadadam/Kuliah/flutter/api/tokoapi/system/Database/BaseConnection.php(605): CodeIgniter\Database\BaseConnection->simpleQuery('INSERT INTO `pr...')
#3 /Users/muhamadadam/Kuliah/flutter/api/tokoapi/system/Database/BaseBuilder.php(2309): CodeIgniter\Database\BaseConnection->query('INSERT INTO `pr...', Array, false)
#4 /Users/muhamadadam/Kuliah/flutter/api/tokoapi/system/Model.php(330): CodeIgniter\Database\BaseBuilder->insert()
#5 /Users/muhamadadam/Kuliah/flutter/api/tokoapi/system/BaseModel.php(782): CodeIgniter\Model->doInsert(Array)
#6 /Users/muhamadadam/Kuliah/flutter/api/tokoapi/system/Model.php(730): CodeIgniter\BaseModel->insert(Array, true)
#7 /Users/muhamadadam/Kuliah/flutter/api/tokoapi/app/Controllers/Produk.php(19): CodeIgniter\Model->insert(Array)
#8 /Users/muhamadadam/Kuliah/flutter/api/tokoapi/system/CodeIgniter.php(934): App\Controllers\Produk->create()
#9 /Users/muhamadadam/Kuliah/flutter/api/tokoapi/system/CodeIgniter.php(499): CodeIgniter\CodeIgniter->runController(Object(App\Controllers\Produk))
#10 /Users/muhamadadam/Kuliah/flutter/api/tokoapi/system/CodeIgniter.php(368): CodeIgniter\CodeIgniter->handleRequest(NULL, Object(Config\Cache), false)
#11 /Users/muhamadadam/Kuliah/flutter/api/tokoapi/public/index.php(67): CodeIgniter\CodeIgniter->run()
#12 /Users/muhamadadam/Kuliah/flutter/api/tokoapi/system/Commands/Server/rewrite.php(47): require_once('/Users/muhamada...')
#13 {main}
CRITICAL - 2023-06-12 14:36:53 --> Column 'kodeproduk' cannot be null
in SYSTEMPATH/Database/MySQLi/Connection.php on line 295.
 1 SYSTEMPATH/Database/MySQLi/Connection.php(295): mysqli->query('INSERT INTO `produk` (`kodeproduk`, `namaproduk`, `hargaproduk`) VALUES (NULL, NULL, NULL)', 0)
 2 SYSTEMPATH/Database/BaseConnection.php(691): CodeIgniter\Database\MySQLi\Connection->execute('INSERT INTO `produk` (`kodeproduk`, `namaproduk`, `hargaproduk`) VALUES (NULL, NULL, NULL)')
 3 SYSTEMPATH/Database/BaseConnection.php(605): CodeIgniter\Database\BaseConnection->simpleQuery('INSERT INTO `produk` (`kodeproduk`, `namaproduk`, `hargaproduk`) VALUES (NULL, NULL, NULL)')
 4 SYSTEMPATH/Database/BaseBuilder.php(2309): CodeIgniter\Database\BaseConnection->query('INSERT INTO `produk` (`kodeproduk`, `namaproduk`, `hargaproduk`) VALUES (:kodeproduk:, :namaproduk:, :hargaproduk:)', [...], false)
 5 SYSTEMPATH/Model.php(330): CodeIgniter\Database\BaseBuilder->insert()
 6 SYSTEMPATH/BaseModel.php(782): CodeIgniter\Model->doInsert([...])
 7 SYSTEMPATH/Model.php(730): CodeIgniter\BaseModel->insert([...], true)
 8 APPPATH/Controllers/Produk.php(19): CodeIgniter\Model->insert([...])
 9 SYSTEMPATH/CodeIgniter.php(934): App\Controllers\Produk->create()
10 SYSTEMPATH/CodeIgniter.php(499): CodeIgniter\CodeIgniter->runController(Object(App\Controllers\Produk))
11 SYSTEMPATH/CodeIgniter.php(368): CodeIgniter\CodeIgniter->handleRequest(null, Object(Config\Cache), false)
12 FCPATH/index.php(67): CodeIgniter\CodeIgniter->run()
13 SYSTEMPATH/Commands/Server/rewrite.php(47): require_once('/Users/muhamadadam/Kuliah/flutter/api/tokoapi/public/index.php')
ERROR - 2023-06-12 14:40:34 --> mysqli_sql_exception: Column 'kodeproduk' cannot be null in /Users/muhamadadam/Kuliah/flutter/api/tokoapi/system/Database/MySQLi/Connection.php:295
Stack trace:
#0 /Users/muhamadadam/Kuliah/flutter/api/tokoapi/system/Database/MySQLi/Connection.php(295): mysqli->query('INSERT INTO `pr...', 0)
#1 /Users/muhamadadam/Kuliah/flutter/api/tokoapi/system/Database/BaseConnection.php(691): CodeIgniter\Database\MySQLi\Connection->execute('INSERT INTO `pr...')
#2 /Users/muhamadadam/Kuliah/flutter/api/tokoapi/system/Database/BaseConnection.php(605): CodeIgniter\Database\BaseConnection->simpleQuery('INSERT INTO `pr...')
#3 /Users/muhamadadam/Kuliah/flutter/api/tokoapi/system/Database/BaseBuilder.php(2309): CodeIgniter\Database\BaseConnection->query('INSERT INTO `pr...', Array, false)
#4 /Users/muhamadadam/Kuliah/flutter/api/tokoapi/system/Model.php(330): CodeIgniter\Database\BaseBuilder->insert()
#5 /Users/muhamadadam/Kuliah/flutter/api/tokoapi/system/BaseModel.php(782): CodeIgniter\Model->doInsert(Array)
#6 /Users/muhamadadam/Kuliah/flutter/api/tokoapi/system/Model.php(730): CodeIgniter\BaseModel->insert(Array, true)
#7 /Users/muhamadadam/Kuliah/flutter/api/tokoapi/app/Controllers/Produk.php(19): CodeIgniter\Model->insert(Array)
#8 /Users/muhamadadam/Kuliah/flutter/api/tokoapi/system/CodeIgniter.php(934): App\Controllers\Produk->create()
#9 /Users/muhamadadam/Kuliah/flutter/api/tokoapi/system/CodeIgniter.php(499): CodeIgniter\CodeIgniter->runController(Object(App\Controllers\Produk))
#10 /Users/muhamadadam/Kuliah/flutter/api/tokoapi/system/CodeIgniter.php(368): CodeIgniter\CodeIgniter->handleRequest(NULL, Object(Config\Cache), false)
#11 /Users/muhamadadam/Kuliah/flutter/api/tokoapi/public/index.php(67): CodeIgniter\CodeIgniter->run()
#12 /Users/muhamadadam/Kuliah/flutter/api/tokoapi/system/Commands/Server/rewrite.php(47): require_once('/Users/muhamada...')
#13 {main}
CRITICAL - 2023-06-12 14:40:34 --> Column 'kodeproduk' cannot be null
in SYSTEMPATH/Database/MySQLi/Connection.php on line 295.
 1 SYSTEMPATH/Database/MySQLi/Connection.php(295): mysqli->query('INSERT INTO `produk` (`kodeproduk`, `namaproduk`, `hargaproduk`) VALUES (NULL, NULL, NULL)', 0)
 2 SYSTEMPATH/Database/BaseConnection.php(691): CodeIgniter\Database\MySQLi\Connection->execute('INSERT INTO `produk` (`kodeproduk`, `namaproduk`, `hargaproduk`) VALUES (NULL, NULL, NULL)')
 3 SYSTEMPATH/Database/BaseConnection.php(605): CodeIgniter\Database\BaseConnection->simpleQuery('INSERT INTO `produk` (`kodeproduk`, `namaproduk`, `hargaproduk`) VALUES (NULL, NULL, NULL)')
 4 SYSTEMPATH/Database/BaseBuilder.php(2309): CodeIgniter\Database\BaseConnection->query('INSERT INTO `produk` (`kodeproduk`, `namaproduk`, `hargaproduk`) VALUES (:kodeproduk:, :namaproduk:, :hargaproduk:)', [...], false)
 5 SYSTEMPATH/Model.php(330): CodeIgniter\Database\BaseBuilder->insert()
 6 SYSTEMPATH/BaseModel.php(782): CodeIgniter\Model->doInsert([...])
 7 SYSTEMPATH/Model.php(730): CodeIgniter\BaseModel->insert([...], true)
 8 APPPATH/Controllers/Produk.php(19): CodeIgniter\Model->insert([...])
 9 SYSTEMPATH/CodeIgniter.php(934): App\Controllers\Produk->create()
10 SYSTEMPATH/CodeIgniter.php(499): CodeIgniter\CodeIgniter->runController(Object(App\Controllers\Produk))
11 SYSTEMPATH/CodeIgniter.php(368): CodeIgniter\CodeIgniter->handleRequest(null, Object(Config\Cache), false)
12 FCPATH/index.php(67): CodeIgniter\CodeIgniter->run()
13 SYSTEMPATH/Commands/Server/rewrite.php(47): require_once('/Users/muhamadadam/Kuliah/flutter/api/tokoapi/public/index.php')
ERROR - 2023-06-12 14:41:28 --> mysqli_sql_exception: Column 'kodeproduk' cannot be null in /Users/muhamadadam/Kuliah/flutter/api/tokoapi/system/Database/MySQLi/Connection.php:295
Stack trace:
#0 /Users/muhamadadam/Kuliah/flutter/api/tokoapi/system/Database/MySQLi/Connection.php(295): mysqli->query('INSERT INTO `pr...', 0)
#1 /Users/muhamadadam/Kuliah/flutter/api/tokoapi/system/Database/BaseConnection.php(691): CodeIgniter\Database\MySQLi\Connection->execute('INSERT INTO `pr...')
#2 /Users/muhamadadam/Kuliah/flutter/api/tokoapi/system/Database/BaseConnection.php(605): CodeIgniter\Database\BaseConnection->simpleQuery('INSERT INTO `pr...')
#3 /Users/muhamadadam/Kuliah/flutter/api/tokoapi/system/Database/BaseBuilder.php(2309): CodeIgniter\Database\BaseConnection->query('INSERT INTO `pr...', Array, false)
#4 /Users/muhamadadam/Kuliah/flutter/api/tokoapi/system/Model.php(330): CodeIgniter\Database\BaseBuilder->insert()
#5 /Users/muhamadadam/Kuliah/flutter/api/tokoapi/system/BaseModel.php(782): CodeIgniter\Model->doInsert(Array)
#6 /Users/muhamadadam/Kuliah/flutter/api/tokoapi/system/Model.php(730): CodeIgniter\BaseModel->insert(Array, true)
#7 /Users/muhamadadam/Kuliah/flutter/api/tokoapi/app/Controllers/Produk.php(19): CodeIgniter\Model->insert(Array)
#8 /Users/muhamadadam/Kuliah/flutter/api/tokoapi/system/CodeIgniter.php(934): App\Controllers\Produk->create()
#9 /Users/muhamadadam/Kuliah/flutter/api/tokoapi/system/CodeIgniter.php(499): CodeIgniter\CodeIgniter->runController(Object(App\Controllers\Produk))
#10 /Users/muhamadadam/Kuliah/flutter/api/tokoapi/system/CodeIgniter.php(368): CodeIgniter\CodeIgniter->handleRequest(NULL, Object(Config\Cache), false)
#11 /Users/muhamadadam/Kuliah/flutter/api/tokoapi/public/index.php(67): CodeIgniter\CodeIgniter->run()
#12 /Users/muhamadadam/Kuliah/flutter/api/tokoapi/system/Commands/Server/rewrite.php(47): require_once('/Users/muhamada...')
#13 {main}
CRITICAL - 2023-06-12 14:41:28 --> Column 'kodeproduk' cannot be null
in SYSTEMPATH/Database/MySQLi/Connection.php on line 295.
 1 SYSTEMPATH/Database/MySQLi/Connection.php(295): mysqli->query('INSERT INTO `produk` (`kodeproduk`, `namaproduk`, `hargaproduk`) VALUES (NULL, NULL, NULL)', 0)
 2 SYSTEMPATH/Database/BaseConnection.php(691): CodeIgniter\Database\MySQLi\Connection->execute('INSERT INTO `produk` (`kodeproduk`, `namaproduk`, `hargaproduk`) VALUES (NULL, NULL, NULL)')
 3 SYSTEMPATH/Database/BaseConnection.php(605): CodeIgniter\Database\BaseConnection->simpleQuery('INSERT INTO `produk` (`kodeproduk`, `namaproduk`, `hargaproduk`) VALUES (NULL, NULL, NULL)')
 4 SYSTEMPATH/Database/BaseBuilder.php(2309): CodeIgniter\Database\BaseConnection->query('INSERT INTO `produk` (`kodeproduk`, `namaproduk`, `hargaproduk`) VALUES (:kodeproduk:, :namaproduk:, :hargaproduk:)', [...], false)
 5 SYSTEMPATH/Model.php(330): CodeIgniter\Database\BaseBuilder->insert()
 6 SYSTEMPATH/BaseModel.php(782): CodeIgniter\Model->doInsert([...])
 7 SYSTEMPATH/Model.php(730): CodeIgniter\BaseModel->insert([...], true)
 8 APPPATH/Controllers/Produk.php(19): CodeIgniter\Model->insert([...])
 9 SYSTEMPATH/CodeIgniter.php(934): App\Controllers\Produk->create()
10 SYSTEMPATH/CodeIgniter.php(499): CodeIgniter\CodeIgniter->runController(Object(App\Controllers\Produk))
11 SYSTEMPATH/CodeIgniter.php(368): CodeIgniter\CodeIgniter->handleRequest(null, Object(Config\Cache), false)
12 FCPATH/index.php(67): CodeIgniter\CodeIgniter->run()
13 SYSTEMPATH/Commands/Server/rewrite.php(47): require_once('/Users/muhamadadam/Kuliah/flutter/api/tokoapi/public/index.php')
ERROR - 2023-06-12 14:42:39 --> mysqli_sql_exception: Column 'kodeproduk' cannot be null in /Users/muhamadadam/Kuliah/flutter/api/tokoapi/system/Database/MySQLi/Connection.php:295
Stack trace:
#0 /Users/muhamadadam/Kuliah/flutter/api/tokoapi/system/Database/MySQLi/Connection.php(295): mysqli->query('INSERT INTO `pr...', 0)
#1 /Users/muhamadadam/Kuliah/flutter/api/tokoapi/system/Database/BaseConnection.php(691): CodeIgniter\Database\MySQLi\Connection->execute('INSERT INTO `pr...')
#2 /Users/muhamadadam/Kuliah/flutter/api/tokoapi/system/Database/BaseConnection.php(605): CodeIgniter\Database\BaseConnection->simpleQuery('INSERT INTO `pr...')
#3 /Users/muhamadadam/Kuliah/flutter/api/tokoapi/system/Database/BaseBuilder.php(2309): CodeIgniter\Database\BaseConnection->query('INSERT INTO `pr...', Array, false)
#4 /Users/muhamadadam/Kuliah/flutter/api/tokoapi/system/Model.php(330): CodeIgniter\Database\BaseBuilder->insert()
#5 /Users/muhamadadam/Kuliah/flutter/api/tokoapi/system/BaseModel.php(782): CodeIgniter\Model->doInsert(Array)
#6 /Users/muhamadadam/Kuliah/flutter/api/tokoapi/system/Model.php(730): CodeIgniter\BaseModel->insert(Array, true)
#7 /Users/muhamadadam/Kuliah/flutter/api/tokoapi/app/Controllers/Produk.php(19): CodeIgniter\Model->insert(Array)
#8 /Users/muhamadadam/Kuliah/flutter/api/tokoapi/system/CodeIgniter.php(934): App\Controllers\Produk->create()
#9 /Users/muhamadadam/Kuliah/flutter/api/tokoapi/system/CodeIgniter.php(499): CodeIgniter\CodeIgniter->runController(Object(App\Controllers\Produk))
#10 /Users/muhamadadam/Kuliah/flutter/api/tokoapi/system/CodeIgniter.php(368): CodeIgniter\CodeIgniter->handleRequest(NULL, Object(Config\Cache), false)
#11 /Users/muhamadadam/Kuliah/flutter/api/tokoapi/public/index.php(67): CodeIgniter\CodeIgniter->run()
#12 /Users/muhamadadam/Kuliah/flutter/api/tokoapi/system/Commands/Server/rewrite.php(47): require_once('/Users/muhamada...')
#13 {main}
CRITICAL - 2023-06-12 14:42:39 --> Column 'kodeproduk' cannot be null
in SYSTEMPATH/Database/MySQLi/Connection.php on line 295.
 1 SYSTEMPATH/Database/MySQLi/Connection.php(295): mysqli->query('INSERT INTO `produk` (`kodeproduk`, `namaproduk`, `hargaproduk`) VALUES (NULL, NULL, NULL)', 0)
 2 SYSTEMPATH/Database/BaseConnection.php(691): CodeIgniter\Database\MySQLi\Connection->execute('INSERT INTO `produk` (`kodeproduk`, `namaproduk`, `hargaproduk`) VALUES (NULL, NULL, NULL)')
 3 SYSTEMPATH/Database/BaseConnection.php(605): CodeIgniter\Database\BaseConnection->simpleQuery('INSERT INTO `produk` (`kodeproduk`, `namaproduk`, `hargaproduk`) VALUES (NULL, NULL, NULL)')
 4 SYSTEMPATH/Database/BaseBuilder.php(2309): CodeIgniter\Database\BaseConnection->query('INSERT INTO `produk` (`kodeproduk`, `namaproduk`, `hargaproduk`) VALUES (:kodeproduk:, :namaproduk:, :hargaproduk:)', [...], false)
 5 SYSTEMPATH/Model.php(330): CodeIgniter\Database\BaseBuilder->insert()
 6 SYSTEMPATH/BaseModel.php(782): CodeIgniter\Model->doInsert([...])
 7 SYSTEMPATH/Model.php(730): CodeIgniter\BaseModel->insert([...], true)
 8 APPPATH/Controllers/Produk.php(19): CodeIgniter\Model->insert([...])
 9 SYSTEMPATH/CodeIgniter.php(934): App\Controllers\Produk->create()
10 SYSTEMPATH/CodeIgniter.php(499): CodeIgniter\CodeIgniter->runController(Object(App\Controllers\Produk))
11 SYSTEMPATH/CodeIgniter.php(368): CodeIgniter\CodeIgniter->handleRequest(null, Object(Config\Cache), false)
12 FCPATH/index.php(67): CodeIgniter\CodeIgniter->run()
13 SYSTEMPATH/Commands/Server/rewrite.php(47): require_once('/Users/muhamadadam/Kuliah/flutter/api/tokoapi/public/index.php')
ERROR - 2023-06-12 14:43:02 --> mysqli_sql_exception: Column 'kodeproduk' cannot be null in /Users/muhamadadam/Kuliah/flutter/api/tokoapi/system/Database/MySQLi/Connection.php:295
Stack trace:
#0 /Users/muhamadadam/Kuliah/flutter/api/tokoapi/system/Database/MySQLi/Connection.php(295): mysqli->query('INSERT INTO `pr...', 0)
#1 /Users/muhamadadam/Kuliah/flutter/api/tokoapi/system/Database/BaseConnection.php(691): CodeIgniter\Database\MySQLi\Connection->execute('INSERT INTO `pr...')
#2 /Users/muhamadadam/Kuliah/flutter/api/tokoapi/system/Database/BaseConnection.php(605): CodeIgniter\Database\BaseConnection->simpleQuery('INSERT INTO `pr...')
#3 /Users/muhamadadam/Kuliah/flutter/api/tokoapi/system/Database/BaseBuilder.php(2309): CodeIgniter\Database\BaseConnection->query('INSERT INTO `pr...', Array, false)
#4 /Users/muhamadadam/Kuliah/flutter/api/tokoapi/system/Model.php(330): CodeIgniter\Database\BaseBuilder->insert()
#5 /Users/muhamadadam/Kuliah/flutter/api/tokoapi/system/BaseModel.php(782): CodeIgniter\Model->doInsert(Array)
#6 /Users/muhamadadam/Kuliah/flutter/api/tokoapi/system/Model.php(730): CodeIgniter\BaseModel->insert(Array, true)
#7 /Users/muhamadadam/Kuliah/flutter/api/tokoapi/app/Controllers/Produk.php(19): CodeIgniter\Model->insert(Array)
#8 /Users/muhamadadam/Kuliah/flutter/api/tokoapi/system/CodeIgniter.php(934): App\Controllers\Produk->create()
#9 /Users/muhamadadam/Kuliah/flutter/api/tokoapi/system/CodeIgniter.php(499): CodeIgniter\CodeIgniter->runController(Object(App\Controllers\Produk))
#10 /Users/muhamadadam/Kuliah/flutter/api/tokoapi/system/CodeIgniter.php(368): CodeIgniter\CodeIgniter->handleRequest(NULL, Object(Config\Cache), false)
#11 /Users/muhamadadam/Kuliah/flutter/api/tokoapi/public/index.php(67): CodeIgniter\CodeIgniter->run()
#12 /Users/muhamadadam/Kuliah/flutter/api/tokoapi/system/Commands/Server/rewrite.php(47): require_once('/Users/muhamada...')
#13 {main}
CRITICAL - 2023-06-12 14:43:02 --> Column 'kodeproduk' cannot be null
in SYSTEMPATH/Database/MySQLi/Connection.php on line 295.
 1 SYSTEMPATH/Database/MySQLi/Connection.php(295): mysqli->query('INSERT INTO `produk` (`kodeproduk`, `namaproduk`, `hargaproduk`) VALUES (NULL, NULL, NULL)', 0)
 2 SYSTEMPATH/Database/BaseConnection.php(691): CodeIgniter\Database\MySQLi\Connection->execute('INSERT INTO `produk` (`kodeproduk`, `namaproduk`, `hargaproduk`) VALUES (NULL, NULL, NULL)')
 3 SYSTEMPATH/Database/BaseConnection.php(605): CodeIgniter\Database\BaseConnection->simpleQuery('INSERT INTO `produk` (`kodeproduk`, `namaproduk`, `hargaproduk`) VALUES (NULL, NULL, NULL)')
 4 SYSTEMPATH/Database/BaseBuilder.php(2309): CodeIgniter\Database\BaseConnection->query('INSERT INTO `produk` (`kodeproduk`, `namaproduk`, `hargaproduk`) VALUES (:kodeproduk:, :namaproduk:, :hargaproduk:)', [...], false)
 5 SYSTEMPATH/Model.php(330): CodeIgniter\Database\BaseBuilder->insert()
 6 SYSTEMPATH/BaseModel.php(782): CodeIgniter\Model->doInsert([...])
 7 SYSTEMPATH/Model.php(730): CodeIgniter\BaseModel->insert([...], true)
 8 APPPATH/Controllers/Produk.php(19): CodeIgniter\Model->insert([...])
 9 SYSTEMPATH/CodeIgniter.php(934): App\Controllers\Produk->create()
10 SYSTEMPATH/CodeIgniter.php(499): CodeIgniter\CodeIgniter->runController(Object(App\Controllers\Produk))
11 SYSTEMPATH/CodeIgniter.php(368): CodeIgniter\CodeIgniter->handleRequest(null, Object(Config\Cache), false)
12 FCPATH/index.php(67): CodeIgniter\CodeIgniter->run()
13 SYSTEMPATH/Commands/Server/rewrite.php(47): require_once('/Users/muhamadadam/Kuliah/flutter/api/tokoapi/public/index.php')
